\BOOKMARK [1][-]{section*.1}{Course Information}{}% 1
\BOOKMARK [1][-]{section.1}{Sets}{}% 2
\BOOKMARK [2][-]{subsection.1.1}{Definition}{section.1}% 3
\BOOKMARK [2][-]{subsection.1.2}{Operations on sets}{section.1}% 4
\BOOKMARK [2][-]{subsection.1.3}{Venn Diagrams}{section.1}% 5
\BOOKMARK [2][-]{subsection.1.4}{Theorems}{section.1}% 6
\BOOKMARK [1][-]{section.2}{Logic}{}% 7
\BOOKMARK [2][-]{subsection.2.1}{Propositional Calculus}{section.2}% 8
\BOOKMARK [2][-]{subsection.2.2}{Notation}{section.2}% 9
\BOOKMARK [2][-]{subsection.2.3}{Truth Tables}{section.2}% 10
\BOOKMARK [2][-]{subsection.2.4}{Rules of Logic}{section.2}% 11
\BOOKMARK [3][-]{subsubsection.2.4.1}{Conditional Statements}{subsection.2.4}% 12
\BOOKMARK [2][-]{subsection.2.5}{Tautologies \046 Contradictions}{section.2}% 13
\BOOKMARK [2][-]{subsection.2.6}{Proofs}{section.2}% 14
\BOOKMARK [1][-]{section.3}{Circuit Complexity}{}% 15
\BOOKMARK [2][-]{subsection.3.1}{Boolean Logic}{section.3}% 16
\BOOKMARK [2][-]{subsection.3.2}{Logic Gates}{section.3}% 17
\BOOKMARK [2][-]{subsection.3.3}{Algorithms}{section.3}% 18
\BOOKMARK [1][-]{section.4}{Polytime algorithms P\043 NP conjecture}{}% 19
\BOOKMARK [2][-]{subsection.4.1}{Definition}{section.4}% 20
\BOOKMARK [2][-]{subsection.4.2}{NP problems \(non-deterministic polynomial time\)}{section.4}% 21
\BOOKMARK [2][-]{subsection.4.3}{P =NP}{section.4}% 22
\BOOKMARK [2][-]{subsection.4.4}{Scott Aovonson's reasons for P =NP}{section.4}% 23
\BOOKMARK [1][-]{section.5}{Proof Techniques: Predicate calculus}{}% 24
